<?xml version="1.0" encoding="UTF-8"?>
<testng-results ignored="0" total="2" passed="1" failed="1" skipped="0">
  <reporter-output>
    <line>
      <![CDATA[test passed]]>
    </line>
  </reporter-output>
  <suite started-at="2022-07-03T19:59:21 IST" name="Default suite" finished-at="2022-07-03T20:03:09 IST" duration-ms="227740">
    <groups>
    </groups>
    <test started-at="2022-07-03T19:59:21 IST" name="Default test" finished-at="2022-07-03T20:03:09 IST" duration-ms="227740">
      <class name="testcases.Tc_03">
        <test-method is-config="true" signature="precondition()[pri:0, instance:testcases.Tc_03@8dbdac1]" started-at="2022-07-03T19:59:21 IST" name="precondition" finished-at="2022-07-03T20:00:27 IST" duration-ms="65927" status="PASS">
          <reporter-output>
          </reporter-output>
        </test-method> <!-- precondition -->
        <test-method signature="enterlogindata()[pri:0, instance:testcases.Tc_03@8dbdac1]" started-at="2022-07-03T20:00:27 IST" name="enterlogindata" finished-at="2022-07-03T20:00:53 IST" duration-ms="25486" status="PASS">
          <reporter-output>
            <line>
              <![CDATA[test passed]]>
            </line>
          </reporter-output>
        </test-method> <!-- enterlogindata -->
        <test-method is-config="true" signature="postcondition()[pri:0, instance:testcases.Tc_03@8dbdac1]" started-at="2022-07-03T20:00:53 IST" name="postcondition" finished-at="2022-07-03T20:01:17 IST" duration-ms="24568" status="PASS">
          <reporter-output>
          </reporter-output>
        </test-method> <!-- postcondition -->
        <test-method is-config="true" signature="precondition()[pri:0, instance:testcases.Tc_03@8dbdac1]" started-at="2022-07-03T20:01:18 IST" name="precondition" finished-at="2022-07-03T20:02:57 IST" duration-ms="99651" status="PASS">
          <reporter-output>
          </reporter-output>
        </test-method> <!-- precondition -->
        <test-method signature="excellogin()[pri:0, instance:testcases.Tc_03@8dbdac1]" started-at="2022-07-03T20:02:57 IST" name="excellogin" finished-at="2022-07-03T20:03:01 IST" duration-ms="3444" status="FAIL">
          <exception class="java.lang.NoClassDefFoundError">
            <message>
              <![CDATA[org/apache/commons/io/output/UnsynchronizedByteArrayOutputStream]]>
            </message>
            <full-stacktrace>
              <![CDATA[java.lang.NoClassDefFoundError: org/apache/commons/io/output/UnsynchronizedByteArrayOutputStream
at org.apache.poi.poifs.filesystem.FileMagic.valueOf(FileMagic.java:209)
at org.apache.poi.ss.usermodel.WorkbookFactory.create(WorkbookFactory.java:222)
at org.apache.poi.ss.usermodel.WorkbookFactory.create(WorkbookFactory.java:185)
at generics.Excel.getcelldata(Excel.java:19)
at testcases.Tc_03.excellogin(Tc_03.java:16)
at java.base/jdk.internal.reflect.NativeMethodAccessorImpl.invoke0(Native Method)
at java.base/jdk.internal.reflect.NativeMethodAccessorImpl.invoke(NativeMethodAccessorImpl.java:77)
at java.base/jdk.internal.reflect.DelegatingMethodAccessorImpl.invoke(DelegatingMethodAccessorImpl.java:43)
at java.base/java.lang.reflect.Method.invoke(Method.java:568)
at org.testng.internal.invokers.MethodInvocationHelper.invokeMethod(MethodInvocationHelper.java:139)
at org.testng.internal.invokers.TestInvoker.invokeMethod(TestInvoker.java:677)
at org.testng.internal.invokers.TestInvoker.invokeTestMethod(TestInvoker.java:221)
at org.testng.internal.invokers.MethodRunner.runInSequence(MethodRunner.java:50)
at org.testng.internal.invokers.TestInvoker$MethodInvocationAgent.invoke(TestInvoker.java:962)
at org.testng.internal.invokers.TestInvoker.invokeTestMethods(TestInvoker.java:194)
at org.testng.internal.invokers.TestMethodWorker.invokeTestMethods(TestMethodWorker.java:148)
at org.testng.internal.invokers.TestMethodWorker.run(TestMethodWorker.java:128)
at java.base/java.util.ArrayList.forEach(ArrayList.java:1511)
at org.testng.TestRunner.privateRun(TestRunner.java:806)
at org.testng.TestRunner.run(TestRunner.java:601)
at org.testng.SuiteRunner.runTest(SuiteRunner.java:433)
at org.testng.SuiteRunner.runSequentially(SuiteRunner.java:427)
at org.testng.SuiteRunner.privateRun(SuiteRunner.java:387)
at org.testng.SuiteRunner.run(SuiteRunner.java:330)
at org.testng.SuiteRunnerWorker.runSuite(SuiteRunnerWorker.java:52)
at org.testng.SuiteRunnerWorker.run(SuiteRunnerWorker.java:95)
at org.testng.TestNG.runSuitesSequentially(TestNG.java:1256)
at org.testng.TestNG.runSuitesLocally(TestNG.java:1176)
at org.testng.TestNG.runSuites(TestNG.java:1099)
at org.testng.TestNG.run(TestNG.java:1067)
at org.testng.remote.AbstractRemoteTestNG.run(AbstractRemoteTestNG.java:115)
at org.testng.remote.RemoteTestNG.initAndRun(RemoteTestNG.java:251)
at org.testng.remote.RemoteTestNG.main(RemoteTestNG.java:77)
Caused by: java.lang.ClassNotFoundException: org.apache.commons.io.output.UnsynchronizedByteArrayOutputStream
at java.base/jdk.internal.loader.BuiltinClassLoader.loadClass(BuiltinClassLoader.java:641)
at java.base/jdk.internal.loader.ClassLoaders$AppClassLoader.loadClass(ClassLoaders.java:188)
at java.base/java.lang.ClassLoader.loadClass(ClassLoader.java:520)
... 33 more
]]>
            </full-stacktrace>
          </exception> <!-- java.lang.NoClassDefFoundError -->
          <reporter-output>
          </reporter-output>
        </test-method> <!-- excellogin -->
        <test-method is-config="true" signature="postcondition()[pri:0, instance:testcases.Tc_03@8dbdac1]" started-at="2022-07-03T20:03:01 IST" name="postcondition" finished-at="2022-07-03T20:03:09 IST" duration-ms="8125" status="PASS">
          <reporter-output>
          </reporter-output>
        </test-method> <!-- postcondition -->
      </class> <!-- testcases.Tc_03 -->
    </test> <!-- Default test -->
  </suite> <!-- Default suite -->
</testng-results>
